0 info it worked if it ends with ok
1 verbose cli [ '/usr/local/bin/node',
1 verbose cli   '/usr/local/bin/npm',
1 verbose cli   'install',
1 verbose cli   '-g',
1 verbose cli   'bower' ]
2 info using npm@2.15.9
3 info using node@v4.5.0
4 verbose install initial load of /usr/local/lib/package.json
5 verbose readDependencies loading dependencies from /usr/local/lib/package.json
6 silly cache add args [ 'bower', null ]
7 verbose cache add spec bower
8 silly cache add parsed spec Result {
8 silly cache add   raw: 'bower',
8 silly cache add   scope: null,
8 silly cache add   name: 'bower',
8 silly cache add   rawSpec: '',
8 silly cache add   spec: 'latest',
8 silly cache add   type: 'tag' }
9 silly addNamed bower@latest
10 verbose addNamed "latest" is being treated as a dist-tag for bower
11 info addNameTag [ 'bower', 'latest' ]
12 silly mapToRegistry name bower
13 silly mapToRegistry using default registry
14 silly mapToRegistry registry https://registry.npmjs.org/
15 silly mapToRegistry data Result {
15 silly mapToRegistry   raw: 'bower',
15 silly mapToRegistry   scope: null,
15 silly mapToRegistry   name: 'bower',
15 silly mapToRegistry   rawSpec: '',
15 silly mapToRegistry   spec: 'latest',
15 silly mapToRegistry   type: 'tag' }
16 silly mapToRegistry uri https://registry.npmjs.org/bower
17 verbose addNameTag registry:https://registry.npmjs.org/bower not in flight; fetching
18 verbose request uri https://registry.npmjs.org/bower
19 verbose request no auth needed
20 info attempt registry request try #1 at 9:55:34 AM
21 verbose request id bbe0fc5591f83787
22 http request GET https://registry.npmjs.org/bower
23 http 200 https://registry.npmjs.org/bower
24 verbose headers { server: 'nginx/1.10.1',
24 verbose headers   'content-type': 'application/json',
24 verbose headers   'last-modified': 'Sat, 24 Jun 2017 08:00:43 GMT',
24 verbose headers   etag: 'W/"594e1c2b-31520"',
24 verbose headers   'content-encoding': 'gzip',
24 verbose headers   'cache-control': 'max-age=300',
24 verbose headers   'content-length': '17272',
24 verbose headers   'accept-ranges': 'bytes',
24 verbose headers   date: 'Sat, 24 Jun 2017 13:55:27 GMT',
24 verbose headers   via: '1.1 varnish',
24 verbose headers   age: '22',
24 verbose headers   connection: 'keep-alive',
24 verbose headers   'x-served-by': 'cache-msp9223-MSP',
24 verbose headers   'x-cache': 'HIT',
24 verbose headers   'x-cache-hits': '1',
24 verbose headers   'x-timer': 'S1498312528.630920,VS0,VE1',
24 verbose headers   vary: 'Accept-Encoding' }
25 silly get cb [ 200,
25 silly get   { server: 'nginx/1.10.1',
25 silly get     'content-type': 'application/json',
25 silly get     'last-modified': 'Sat, 24 Jun 2017 08:00:43 GMT',
25 silly get     etag: 'W/"594e1c2b-31520"',
25 silly get     'content-encoding': 'gzip',
25 silly get     'cache-control': 'max-age=300',
25 silly get     'content-length': '17272',
25 silly get     'accept-ranges': 'bytes',
25 silly get     date: 'Sat, 24 Jun 2017 13:55:27 GMT',
25 silly get     via: '1.1 varnish',
25 silly get     age: '22',
25 silly get     connection: 'keep-alive',
25 silly get     'x-served-by': 'cache-msp9223-MSP',
25 silly get     'x-cache': 'HIT',
25 silly get     'x-cache-hits': '1',
25 silly get     'x-timer': 'S1498312528.630920,VS0,VE1',
25 silly get     vary: 'Accept-Encoding' } ]
26 verbose get saving bower to /Users/jonathaneyster/.npm/registry.npmjs.org/bower/.cache.json
27 verbose correctMkdir /Users/jonathaneyster/.npm correctMkdir not in flight; initializing
28 silly addNameTag next cb for bower with tag latest
29 silly addNamed bower@1.8.0
30 verbose addNamed "1.8.0" is a plain semver version for bower
31 warn deprecated bower@1.8.0: ..psst! While Bower is maintained, we recommend Yarn and Webpack for *new* front-end projects! Yarn's advantage is security and reliability, and Webpack's is support for both CommonJS and AMD projects. Currently there's no migration path but we hope you'll help us figure out one.
32 silly mapToRegistry name bower
33 silly mapToRegistry using default registry
34 silly mapToRegistry registry https://registry.npmjs.org/
35 silly mapToRegistry data Result {
35 silly mapToRegistry   raw: 'bower',
35 silly mapToRegistry   scope: null,
35 silly mapToRegistry   name: 'bower',
35 silly mapToRegistry   rawSpec: '',
35 silly mapToRegistry   spec: 'latest',
35 silly mapToRegistry   type: 'tag' }
36 silly mapToRegistry uri https://registry.npmjs.org/bower
37 verbose addRemoteTarball https://registry.npmjs.org/bower/-/bower-1.8.0.tgz not in flight; adding
38 verbose addRemoteTarball [ 'https://registry.npmjs.org/bower/-/bower-1.8.0.tgz',
38 verbose addRemoteTarball   '55dbebef0ad9155382d9e9d3e497c1372345b44a' ]
39 info retry fetch attempt 1 at 9:55:34 AM
40 info attempt registry request try #1 at 9:55:34 AM
41 http fetch GET https://registry.npmjs.org/bower/-/bower-1.8.0.tgz
42 http fetch 200 https://registry.npmjs.org/bower/-/bower-1.8.0.tgz
43 silly fetchAndShaCheck shasum 55dbebef0ad9155382d9e9d3e497c1372345b44a
44 verbose addTmpTarball /var/folders/kf/cy2t6xtx2zn1mvkkj14tcfqw0000gn/T/npm-76295-b81b6124/registry.npmjs.org/bower/-/bower-1.8.0.tgz not in flight; adding
45 verbose addTmpTarball already have metadata; skipping unpack for bower@1.8.0
46 verbose correctMkdir /Users/jonathaneyster/.npm correctMkdir not in flight; initializing
47 silly cache afterAdd bower@1.8.0
48 verbose afterAdd /Users/jonathaneyster/.npm/bower/1.8.0/package/package.json not in flight; writing
49 verbose correctMkdir /Users/jonathaneyster/.npm correctMkdir not in flight; initializing
50 verbose afterAdd /Users/jonathaneyster/.npm/bower/1.8.0/package/package.json written
51 silly install resolved [ { name: 'bower',
51 silly install resolved     version: '1.8.0',
51 silly install resolved     description: 'The browser package manager',
51 silly install resolved     author: { name: 'Twitter' },
51 silly install resolved     license: 'MIT',
51 silly install resolved     repository: { type: 'git', url: 'git+https://github.com/bower/bower.git' },
51 silly install resolved     main: 'lib',
51 silly install resolved     bin: { bower: 'bin/bower' },
51 silly install resolved     homepage: 'http://bower.io',
51 silly install resolved     engines: { node: '>=0.10.0' },
51 silly install resolved     keywords: [ 'bower' ],
51 silly install resolved     files: [ 'bin', 'lib' ],
51 silly install resolved     bugs: { url: 'https://github.com/bower/bower/issues' },
51 silly install resolved     _id: 'bower@1.8.0',
51 silly install resolved     scripts: {},
51 silly install resolved     _shasum: '55dbebef0ad9155382d9e9d3e497c1372345b44a',
51 silly install resolved     _from: 'bower@latest',
51 silly install resolved     _npmVersion: '3.10.9',
51 silly install resolved     _nodeVersion: '4.4.6',
51 silly install resolved     _npmUser: { name: 'sheerun', email: 'sheerun@sher.pl' },
51 silly install resolved     dist:
51 silly install resolved      { shasum: '55dbebef0ad9155382d9e9d3e497c1372345b44a',
51 silly install resolved        tarball: 'https://registry.npmjs.org/bower/-/bower-1.8.0.tgz' },
51 silly install resolved     maintainers:
51 silly install resolved      [ [Object],
51 silly install resolved        [Object],
51 silly install resolved        [Object],
51 silly install resolved        [Object],
51 silly install resolved        [Object],
51 silly install resolved        [Object],
51 silly install resolved        [Object] ],
51 silly install resolved     _npmOperationalInternal:
51 silly install resolved      { host: 'packages-18-east.internal.npmjs.com',
51 silly install resolved        tmp: 'tmp/bower-1.8.0.tgz_1478512918020_0.7136248126626015' },
51 silly install resolved     directories: {},
51 silly install resolved     deprecated: '..psst! While Bower is maintained, we recommend Yarn and Webpack for *new* front-end projects! Yarn\'s advantage is security and reliability, and Webpack\'s is support for both CommonJS and AMD projects. Currently there\'s no migration path but we hope you\'ll help us figure out one.',
51 silly install resolved     _resolved: 'https://registry.npmjs.org/bower/-/bower-1.8.0.tgz' } ]
52 info install bower@1.8.0 into /usr/local/lib
53 info installOne bower@1.8.0
54 verbose installOne of bower to /usr/local/lib not in flight; installing
55 verbose correctMkdir /Users/jonathaneyster/.npm/_locks correctMkdir not in flight; initializing
56 verbose lock using /Users/jonathaneyster/.npm/_locks/bower-e8debc5417026b57.lock for /usr/local/lib/node_modules/bower
57 silly install write writing bower 1.8.0 to /usr/local/lib/node_modules/bower
58 verbose unbuild lib/node_modules/bower
59 silly gentlyRm /usr/local/lib/node_modules/bower is being purged from base /usr/local
60 verbose gentlyRm don't care about contents; nuking /usr/local/lib/node_modules/bower
61 verbose tar unpack /Users/jonathaneyster/.npm/bower/1.8.0/package.tgz
62 verbose tar unpacking to /usr/local/lib/node_modules/bower
63 silly gentlyRm /usr/local/lib/node_modules/bower is being purged
64 verbose gentlyRm don't care about contents; nuking /usr/local/lib/node_modules/bower
65 silly gunzTarPerm modes [ '755', '644' ]
66 error tar.unpack untar error /Users/jonathaneyster/.npm/bower/1.8.0/package.tgz
67 verbose unlock done using /Users/jonathaneyster/.npm/_locks/bower-e8debc5417026b57.lock for /usr/local/lib/node_modules/bower
68 verbose fstream_path /usr/local/lib/node_modules/bower
69 verbose fstream_type Directory
70 verbose fstream_class DirWriter
71 verbose stack Error: EACCES: permission denied, mkdir '/usr/local/lib/node_modules/bower'
71 verbose stack     at Error (native)
72 verbose fstream_stack /usr/local/lib/node_modules/npm/node_modules/fstream/lib/dir-writer.js:35:25
72 verbose fstream_stack /usr/local/lib/node_modules/npm/node_modules/mkdirp/index.js:47:53
72 verbose fstream_stack FSReqWrap.oncomplete (fs.js:82:15)
73 verbose cwd /Users/jonathaneyster/Documents/workspace/JavaScriptProjects/WorkoutLog/client
74 error Darwin 14.0.0
75 error argv "/usr/local/bin/node" "/usr/local/bin/npm" "install" "-g" "bower"
76 error node v4.5.0
77 error npm  v2.15.9
78 error path /usr/local/lib/node_modules/bower
79 error code EACCES
80 error errno -13
81 error syscall mkdir
82 error Error: EACCES: permission denied, mkdir '/usr/local/lib/node_modules/bower'
82 error     at Error (native)
82 error  { [Error: EACCES: permission denied, mkdir '/usr/local/lib/node_modules/bower']
82 error   errno: -13,
82 error   code: 'EACCES',
82 error   syscall: 'mkdir',
82 error   path: '/usr/local/lib/node_modules/bower',
82 error   fstream_type: 'Directory',
82 error   fstream_path: '/usr/local/lib/node_modules/bower',
82 error   fstream_class: 'DirWriter',
82 error   fstream_stack:
82 error    [ '/usr/local/lib/node_modules/npm/node_modules/fstream/lib/dir-writer.js:35:25',
82 error      '/usr/local/lib/node_modules/npm/node_modules/mkdirp/index.js:47:53',
82 error      'FSReqWrap.oncomplete (fs.js:82:15)' ] }
83 error Please try running this command again as root/Administrator.
84 verbose exit [ -13, true ]
85 verbose unbuild lib/node_modules/bower
86 silly gentlyRm /usr/local/lib/node_modules/bower is being purged from base /usr/local
87 verbose gentlyRm don't care about contents; nuking /usr/local/lib/node_modules/bower
